\BOOKMARK [0][]{chapter.3}{1 Lineare Gleichungssysteme und der Gau\337algorithmus}{}% 1
\BOOKMARK [1][]{section.4}{1.1 Beispiel \(PageRank\)}{chapter.3}% 2
\BOOKMARK [1][]{section.6}{1.2 Definition Zeilenstufenform}{chapter.3}% 3
\BOOKMARK [1][]{section.8}{1.3 Algorithmus \(R\374ckw\344rtseinsetzen\)}{chapter.3}% 4
\BOOKMARK [1][]{section.12}{1.4 Satz}{chapter.3}% 5
\BOOKMARK [1][]{section.14}{1.5 Satz}{chapter.3}% 6
\BOOKMARK [1][]{section.15}{1.6 Algorithmus}{chapter.3}% 7
\BOOKMARK [1][]{section.16}{1.7 Beispiel}{chapter.3}% 8
\BOOKMARK [1][]{section.17}{1.8 Algorithmus \(Gau\337sche Eliminationsverfahren zur L\366sung von Ax=b\)}{chapter.3}% 9
\BOOKMARK [1][]{section.18}{1.9 Folgerung}{chapter.3}% 10
\BOOKMARK [1][]{section.19}{1.10 Beispiel \(Rundungsfehler im Gau\337-Algorithmus\)}{chapter.3}% 11
\BOOKMARK [0][]{chapter.23}{2 Vektorr\344ume}{}% 12
\BOOKMARK [1][]{section.24}{2.1 Definition}{chapter.23}% 13
\BOOKMARK [1][]{section.25}{2.2 Beispiel}{chapter.23}% 14
\BOOKMARK [1][]{section.26}{2.3 Satz}{chapter.23}% 15
\BOOKMARK [1][]{section.28}{2.4 Definition}{chapter.23}% 16
\BOOKMARK [1][]{section.29}{2.5 Beispiel}{chapter.23}% 17
\BOOKMARK [1][]{section.30}{2.6 Definiton}{chapter.23}% 18
\BOOKMARK [1][]{section.32}{2.7 Beispiel}{chapter.23}% 19
\BOOKMARK [1][]{section.33}{2.8 Beispiel}{chapter.23}% 20
\BOOKMARK [1][]{section.34}{2.9 Definition}{chapter.23}% 21
\BOOKMARK [1][]{section.35}{2.10 Bemerkung}{chapter.23}% 22
\BOOKMARK [1][]{section.36}{2.11 Beispiel}{chapter.23}% 23
\BOOKMARK [1][]{section.38}{2.12 Beispiel}{chapter.23}% 24
\BOOKMARK [0][]{chapter.39}{3 Lineare Unabh\344ngigkeit und Basen}{}% 25
\BOOKMARK [1][]{section.40}{3.1 Definition}{chapter.39}% 26
\BOOKMARK [1][]{section.41}{3.2 Bemerkung}{chapter.39}% 27
\BOOKMARK [1][]{section.42}{3.3 Beispiel}{chapter.39}% 28
\BOOKMARK [1][]{section.43}{3.4 Definiton}{chapter.39}% 29
\BOOKMARK [1][]{section.44}{3.5 Bemerkung}{chapter.39}% 30
\BOOKMARK [1][]{section.45}{3.6 Beispiele}{chapter.39}% 31
\BOOKMARK [1][]{section.46}{3.7 Satz}{chapter.39}% 32
\BOOKMARK [1][]{section.48}{3.8 Folgerung}{chapter.39}% 33
\BOOKMARK [1][]{section.52}{3.9 Lemma \(Austauschlemma\)}{chapter.39}% 34
\BOOKMARK [1][]{section.54}{3.10 Satz}{chapter.39}% 35
\BOOKMARK [1][]{section.56}{3.11 Folgerung}{chapter.39}% 36
\BOOKMARK [1][]{section.58}{3.12 Folgerung}{chapter.39}% 37
\BOOKMARK [1][]{section.60}{3.13 Definition}{chapter.39}% 38
\BOOKMARK [1][]{section.61}{3.14 Beispiel}{chapter.39}% 39
\BOOKMARK [1][]{section.62}{3.15 Beispiel \(und Erinnerung\)}{chapter.39}% 40
\BOOKMARK [1][]{section.63}{3.16 Folgerung\(Basiserg\344nzungssatz\)}{chapter.39}% 41
\BOOKMARK [1][]{section.64}{3.17 Folgerung}{chapter.39}% 42
\BOOKMARK [0][]{chapter.65}{4 Matrizen}{}% 43
\BOOKMARK [1][]{section.66}{4.1 Definition}{chapter.65}% 44
\BOOKMARK [1][]{section.67}{4.2 Algorithmus}{chapter.65}% 45
\BOOKMARK [1][]{section.69}{4.3 Bemerkung}{chapter.65}% 46
\BOOKMARK [1][]{section.70}{4.4 Bemerkung}{chapter.65}% 47
\BOOKMARK [1][]{section.71}{4.5 Beispiel}{chapter.65}% 48
\BOOKMARK [1][]{section.72}{4.6 Definition}{chapter.65}% 49
\BOOKMARK [1][]{section.73}{4.7 Bemerkung}{chapter.65}% 50
\BOOKMARK [1][]{section.75}{4.8 Satz}{chapter.65}% 51
\BOOKMARK [1][]{section.76}{4.9 Bemerkung}{chapter.65}% 52
\BOOKMARK [1][]{section.77}{4.10 Satz}{chapter.65}% 53
\BOOKMARK [1][]{section.79}{4.11 Satz}{chapter.65}% 54
\BOOKMARK [1][]{section.81}{4.12 Definition}{chapter.65}% 55
\BOOKMARK [1][]{section.82}{4.13 Satz}{chapter.65}% 56
\BOOKMARK [1][]{section.83}{4.14 Definition}{chapter.65}% 57
\BOOKMARK [1][]{section.84}{4.15 Bemerkung}{chapter.65}% 58
\BOOKMARK [1][]{section.85}{4.16 Satz}{chapter.65}% 59
\BOOKMARK [1][]{section.87}{4.17 Bemerkung}{chapter.65}% 60
\BOOKMARK [1][]{section.90}{4.18 Beispiel}{chapter.65}% 61
\BOOKMARK [1][]{section.91}{4.19 Bemerkung}{chapter.65}% 62
\BOOKMARK [1][]{section.92}{4.20 Bemerkung}{chapter.65}% 63
\BOOKMARK [0][]{chapter.93}{5 Lineare Abbildungen}{}% 64
\BOOKMARK [1][]{section.94}{5.1 Definition}{chapter.93}% 65
\BOOKMARK [1][]{section.95}{5.2 Beispiel}{chapter.93}% 66
\BOOKMARK [1][]{section.96}{5.3 Beispiel}{chapter.93}% 67
\BOOKMARK [1][]{section.97}{5.4 sehr einfacher Satz}{chapter.93}% 68
\BOOKMARK [1][]{section.99}{5.5 Definition \(Endomorphismus und Automorphismus\)}{chapter.93}% 69
\BOOKMARK [1][]{section.100}{5.6 Folgerung}{chapter.93}% 70
\BOOKMARK [1][]{section.101}{5.7 Definition \(Bild, Kern, Rang und Defekt\)}{chapter.93}% 71
\BOOKMARK [1][]{section.102}{5.8 Satz}{chapter.93}% 72
\BOOKMARK [1][]{section.105}{5.9 Satz}{chapter.93}% 73
\BOOKMARK [1][]{section.107}{5.10 Folgerung}{chapter.93}% 74
\BOOKMARK [1][]{section.109}{5.11 Satz}{chapter.93}% 75
\BOOKMARK [1][]{section.110}{5.12 Lemma}{chapter.93}% 76
\BOOKMARK [1][]{section.112}{5.13 Definition \(affiner Unterraum\)}{chapter.93}% 77
\BOOKMARK [1][]{section.113}{5.14 Bemerkung}{chapter.93}% 78
\BOOKMARK [1][]{section.114}{5.15 Satz}{chapter.93}% 79
\BOOKMARK [1][]{section.116}{5.16 Bemerkung}{chapter.93}% 80
\BOOKMARK [1][]{section.117}{5.17 Beispiel}{chapter.93}% 81
\BOOKMARK [0][]{chapter.118}{6 Koordinatentransformationen}{}% 82
\BOOKMARK [1][]{section.119}{6.1 Satz \(Koordinatensystem\)}{chapter.118}% 83
\BOOKMARK [1][]{section.121}{6.2 Bemerkung}{chapter.118}% 84
\BOOKMARK [1][]{section.122}{6.3 Beispiel \(Diskrete Kosinustransformation zur Datenkomprimierung\)}{chapter.118}% 85
\BOOKMARK [1][]{section.123}{6.4 Bemerkung}{chapter.118}% 86
\BOOKMARK [1][]{section.124}{6.5 sehr einfaches Beispiel}{chapter.118}% 87
\BOOKMARK [1][]{section.125}{6.6 Satz}{chapter.118}% 88
\BOOKMARK [1][]{section.128}{6.7 Satz}{chapter.118}% 89
\BOOKMARK [1][]{section.130}{6.8 Bemerkung}{chapter.118}% 90
\BOOKMARK [1][]{section.131}{6.9 Beispiel}{chapter.118}% 91
\BOOKMARK [0][]{chapter.132}{7 Eigenwertproblem}{}% 92
\BOOKMARK [1][]{section.134}{7.1 Definition}{chapter.132}% 93
\BOOKMARK [1][]{section.135}{7.2 Bemerkung}{chapter.132}% 94
\BOOKMARK [1][]{section.136}{7.3 Definition}{chapter.132}% 95
\BOOKMARK [1][]{section.137}{7.4 Satz}{chapter.132}% 96
\BOOKMARK [1][]{section.139}{7.5 Beispiel}{chapter.132}% 97
\BOOKMARK [1][]{section.140}{7.6 Bemerkung}{chapter.132}% 98
\BOOKMARK [1][]{section.141}{7.7 Satz}{chapter.132}% 99
\BOOKMARK [1][]{section.143}{7.8 Folgerung}{chapter.132}% 100
\BOOKMARK [1][]{section.145}{7.9 Bemerkung}{chapter.132}% 101
\BOOKMARK [1][]{section.146}{7.10 Satz}{chapter.132}% 102
\BOOKMARK [1][]{section.149}{7.11 Satz \(Jordansche Normalform\)}{chapter.132}% 103
\BOOKMARK [0][]{chapter.150}{8 Eigenwertprobleme f\374r stochastische Matrizen}{}% 104
\BOOKMARK [1][]{section.152}{8.1 Lemma}{chapter.150}% 105
\BOOKMARK [1][]{section.154}{8.2 Definition}{chapter.150}% 106
\BOOKMARK [1][]{section.155}{8.3 Lemma}{chapter.150}% 107
\BOOKMARK [1][]{section.157}{8.4 Satz}{chapter.150}% 108
\BOOKMARK [1][]{section.159}{8.5 Satz \(Spezialfall des Satzes von Frolenius-Perron\)}{chapter.150}% 109
\BOOKMARK [1][]{section.160}{8.6 Bemerkung}{chapter.150}% 110
\BOOKMARK [1][]{section.161}{8.7 Folgerung}{chapter.150}% 111
\BOOKMARK [1][]{section.163}{8.8 Bemerkung}{chapter.150}% 112
\BOOKMARK [1][]{section.164}{8.9 Bemerkung}{chapter.150}% 113
\BOOKMARK [0][]{chapter.165}{9 Determinante und charachteristisches Polynom}{}% 114
\BOOKMARK [1][]{section.166}{9.1 Beispiel}{chapter.165}% 115
\BOOKMARK [1][]{section.167}{9.2 Beispiel}{chapter.165}% 116
\BOOKMARK [1][]{section.168}{9.3 Definition}{chapter.165}% 117
\BOOKMARK [1][]{section.169}{9.4 Bemerkung}{chapter.165}% 118
\BOOKMARK [1][]{section.170}{9.5 Satz}{chapter.165}% 119
\BOOKMARK [1][]{section.171}{9.6 Bemerkung}{chapter.165}% 120
\BOOKMARK [1][]{section.173}{9.7 Satz}{chapter.165}% 121
\BOOKMARK [1][]{section.175}{9.8 Algorithmus}{chapter.165}% 122
\BOOKMARK [1][]{section.176}{9.9 Folgerung}{chapter.165}% 123
\BOOKMARK [1][]{section.177}{9.10 Beispiel}{chapter.165}% 124
\BOOKMARK [1][]{section.178}{9.11 Satz \(Leibniz Formel\)}{chapter.165}% 125
\BOOKMARK [1][]{section.180}{9.12 Satz \(Laplacescher Entwicklungssatz\)}{chapter.165}% 126
\BOOKMARK [1][]{section.181}{9.13 Beispiel}{chapter.165}% 127
\BOOKMARK [1][]{section.182}{9.14 Satz}{chapter.165}% 128
\BOOKMARK [1][]{section.185}{9.15 Beispiel}{chapter.165}% 129
\BOOKMARK [0][]{chapter.186}{10 Pr\344-Hilbertr\344ume und Orthogonalprojektionen}{}% 130
\BOOKMARK [1][]{section.188}{10.1 Beispiel}{chapter.186}% 131
\BOOKMARK [1][]{section.189}{10.2 Definition}{chapter.186}% 132
\BOOKMARK [1][]{section.190}{10.3 Bemerkung}{chapter.186}% 133
\BOOKMARK [1][]{section.191}{10.4 Beispiel}{chapter.186}% 134
\BOOKMARK [1][]{section.192}{10.5 Satz \(Cauchy-Schwarz-Ungleichung\)}{chapter.186}% 135
\BOOKMARK [1][]{section.194}{10.6 Bemerkung}{chapter.186}% 136
\BOOKMARK [1][]{section.195}{10.7 Definition}{chapter.186}% 137
\BOOKMARK [1][]{section.196}{10.8 Satz}{chapter.186}% 138
\BOOKMARK [1][]{section.198}{10.9 Definition}{chapter.186}% 139
\BOOKMARK [1][]{section.199}{10.10 Beispiel}{chapter.186}% 140
\BOOKMARK [1][]{section.200}{10.11 Satz}{chapter.186}% 141
\BOOKMARK [1][]{section.203}{10.12 Definition}{chapter.186}% 142
\BOOKMARK [1][]{section.204}{10.13 Bemerkung}{chapter.186}% 143
\BOOKMARK [1][]{section.205}{10.14 Satz}{chapter.186}% 144
\BOOKMARK [1][]{section.207}{10.15 Beispiel}{chapter.186}% 145
\BOOKMARK [1][]{section.208}{10.16 Satz}{chapter.186}% 146
\BOOKMARK [1][]{section.211}{10.17 Satz}{chapter.186}% 147
\BOOKMARK [0][]{chapter.213}{11 Fourierreihen}{}% 148
\BOOKMARK [1][]{section.215}{11.1 Satz}{chapter.213}% 149
\BOOKMARK [1][]{section.217}{11.2 Bemerkung}{chapter.213}% 150
\BOOKMARK [1][]{section.218}{11.3 Beispiel}{chapter.213}% 151
\BOOKMARK [1][]{section.219}{11.4 Definition \(Fourierreihe\)}{chapter.213}% 152
\BOOKMARK [1][]{section.220}{11.5 Satz}{chapter.213}% 153
\BOOKMARK [1][]{section.222}{11.6 Bemerkung}{chapter.213}% 154
\BOOKMARK [1][]{section.223}{11.7 Bemerkung}{chapter.213}% 155
\BOOKMARK [0][]{chapter.224}{12 Orthogonale Matrizen}{}% 156
\BOOKMARK [1][]{section.225}{12.1 Definition}{chapter.224}% 157
\BOOKMARK [1][]{section.226}{12.2 Bemerkung}{chapter.224}% 158
\BOOKMARK [1][]{section.227}{12.3 Satz}{chapter.224}% 159
\BOOKMARK [1][]{section.229}{12.4 Beispiel}{chapter.224}% 160
\BOOKMARK [1][]{section.230}{12.5 Satz\(Normalform f\374r orthogonale Matrizen\)}{chapter.224}% 161
\BOOKMARK [1][]{section.231}{12.6 Bemerkung}{chapter.224}% 162
\BOOKMARK [0][]{chapter.232}{13 Symmetrische Matrizen}{}% 163
\BOOKMARK [1][]{section.233}{13.1 Definition \(symmetrische Matrix\)}{chapter.232}% 164
\BOOKMARK [1][]{section.234}{13.2 Lemma}{chapter.232}% 165
\BOOKMARK [1][]{section.236}{13.3 Satz \(Spektraldarstellung f\374r symmetrische Matrizen\)}{chapter.232}% 166
\BOOKMARK [1][]{section.238}{13.4 Definition}{chapter.232}% 167
\BOOKMARK [1][]{section.239}{13.5 Satz}{chapter.232}% 168
\BOOKMARK [1][]{section.241}{13.6 Beispiel}{chapter.232}% 169
\BOOKMARK [1][]{section.242}{13.7 Satz}{chapter.232}% 170
\BOOKMARK [1][]{section.244}{13.8 Satz}{chapter.232}% 171
\BOOKMARK [1][]{section.245}{13.9 Beweis}{chapter.232}% 172
\BOOKMARK [0][]{chapter.246}{14 Singul\344rwertzerlegung}{}% 173
\BOOKMARK [1][]{section.247}{14.1 Satz}{chapter.246}% 174
\BOOKMARK [1][]{section.250}{14.2 Beispiel}{chapter.246}% 175
\BOOKMARK [1][]{section.251}{14.3 Bemerkung}{chapter.246}% 176
\BOOKMARK [1][]{section.252}{14.4 Bemerkung}{chapter.246}% 177
\BOOKMARK [1][]{section.253}{14.5 Bemerkung}{chapter.246}% 178
\BOOKMARK [0][]{chapter.254}{15 Quadriken}{}% 179
\BOOKMARK [1][]{section.255}{15.1 Definiton}{chapter.254}% 180
\BOOKMARK [1][]{section.257}{15.2 Satz}{chapter.254}% 181
\BOOKMARK [1][]{section.259}{15.3 Beispiel}{chapter.254}% 182
\BOOKMARK [0][]{chapter.260}{16 Matrixnormen und iterative Verfahren f\374r lineare Gleichungssysteme}{}% 183
\BOOKMARK [1][]{section.261}{16.1 Definition}{chapter.260}% 184
\BOOKMARK [1][]{section.262}{16.2 Satz}{chapter.260}% 185
\BOOKMARK [1][]{section.264}{16.3 Beispiel}{chapter.260}% 186
\BOOKMARK [1][]{section.265}{16.4 Satz}{chapter.260}% 187
\BOOKMARK [1][]{section.267}{16.5 Satz}{chapter.260}% 188
\BOOKMARK [1][]{section.270}{16.6 Definition}{chapter.260}% 189
\BOOKMARK [1][]{section.271}{16.7 Satz}{chapter.260}% 190
\BOOKMARK [1][]{section.273}{16.8 Bemerkung}{chapter.260}% 191
\BOOKMARK [1][]{section.274}{16.9 Satz}{chapter.260}% 192
\BOOKMARK [1][]{section.275}{16.10 Beispiel}{chapter.260}% 193
\BOOKMARK [1][]{section.276}{16.11 Satz}{chapter.260}% 194
